2025-02-19 08:07:11,944 - __main__ - INFO - Cálculo de WACC realizado com sucesso para atividade: Restaurantes e outros estabelecimentos de serviços de alimentação e bebidas
2025-02-19 08:08:36,203 - __main__ - INFO - Cálculo de WACC realizado com sucesso para atividade: Restaurantes e outros estabelecimentos de serviços de alimentação e bebidas
2025-02-19 08:08:59,986 - __main__ - INFO - Cálculo de WACC realizado com sucesso para atividade: Restaurantes e outros estabelecimentos de serviços de alimentação e bebidas
2025-02-19 08:10:35,296 - __main__ - INFO - Cálculo de WACC realizado com sucesso para atividade: Restaurantes e outros estabelecimentos de serviços de alimentação e bebidas
2025-02-19 08:13:42,783 - __main__ - INFO - Cálculo de WACC realizado com sucesso para atividade: Atividades de apoio à produção florestal
2025-02-19 08:48:33,699 - __main__ - INFO - Cálculo de WACC realizado com sucesso para atividade: Criação de aves
2025-02-19 08:56:27,678 - __main__ - INFO - Cálculo de WACC realizado com sucesso para atividade: Criação de bovinos
2025-02-19 08:56:34,743 - __main__ - INFO - Cálculo de WACC realizado com sucesso para atividade: Criação de bovinos
2025-02-19 09:00:31,424 - __main__ - INFO - Cálculo de WACC realizado com sucesso para atividade: Atividades de apoio à agricultura
2025-02-19 09:02:10,313 - __main__ - INFO - Cálculo de WACC realizado com sucesso para atividade: Horticultura e floricultura
2025-02-19 09:02:14,258 - __main__ - INFO - Cálculo de WACC realizado com sucesso para atividade: Horticultura e floricultura
2025-02-19 09:14:31,227 - __main__ - INFO - Cálculo de WACC realizado com sucesso para atividade: Atividades de apoio à agricultura
2025-02-19 09:28:58,132 - __main__ - INFO - Cálculo de WACC realizado com sucesso para atividade: Atividades de apoio à agricultura
2025-02-19 09:31:06,541 - __main__ - INFO - Cálculo de WACC realizado com sucesso para atividade: Criação de aves
2025-02-19 09:32:02,278 - __main__ - INFO - Cálculo de WACC realizado com sucesso para atividade: Atividades de apoio à produção florestal
2025-02-19 09:38:22,940 - __main__ - INFO - Cálculo de WACC realizado com sucesso para atividade: Horticultura e floricultura
2025-02-19 09:38:49,483 - __main__ - INFO - Cálculo de WACC realizado com sucesso para atividade: Horticultura e floricultura
2025-02-19 09:39:04,674 - __main__ - INFO - Cálculo de WACC realizado com sucesso para atividade: Restaurantes e outros estabelecimentos de serviços de alimentação e bebidas
2025-02-19 09:39:19,443 - __main__ - INFO - Cálculo de WACC realizado com sucesso para atividade: Restaurantes e outros estabelecimentos de serviços de alimentação e bebidas
2025-02-19 09:40:24,259 - __main__ - INFO - Cálculo de WACC realizado com sucesso para atividade: Restaurantes e outros estabelecimentos de serviços de alimentação e bebidas
2025-02-19 09:46:08,983 - __main__ - INFO - Cálculo de WACC realizado com sucesso para atividade: Atividades de apoio à agricultura
2025-02-19 09:50:46,280 - __main__ - INFO - Cálculo de WACC realizado com sucesso para atividade: Atividades de apoio à agricultura
2025-02-19 09:51:04,916 - __main__ - INFO - Cálculo de WACC realizado com sucesso para atividade: Atividades de apoio à agricultura
2025-02-19 10:01:11,443 - __main__ - INFO - Cálculo de WACC realizado com sucesso para atividade: Atividades de apoio à agricultura
2025-02-19 10:01:48,752 - __main__ - INFO - Cálculo de WACC realizado com sucesso para atividade: Atividades de apoio à agricultura
2025-02-19 10:08:53,537 - __main__ - INFO - Cálculo de WACC realizado com sucesso para atividade: Atividades de apoio à agricultura
2025-02-19 10:09:12,745 - __main__ - INFO - Cálculo de WACC realizado com sucesso para atividade: Atividades de apoio à agricultura
2025-02-19 10:24:38,190 - __main__ - INFO - Cálculo de WACC realizado com sucesso para atividade: Atividades de apoio à agricultura
2025-02-19 10:26:36,500 - __main__ - INFO - Cálculo de WACC realizado com sucesso para atividade: Horticultura e floricultura
2025-02-19 10:26:59,287 - __main__ - INFO - Cálculo de WACC realizado com sucesso para atividade: Horticultura e floricultura
2025-02-19 10:29:06,224 - __main__ - INFO - Cálculo de WACC realizado com sucesso para atividade: Atividades de apoio à agricultura e à pecuária; atividades de pós-colheita
2025-02-19 10:34:40,293 - __main__ - INFO - Cálculo de WACC realizado com sucesso para atividade: Atividades de apoio à agricultura
2025-02-19 10:34:58,375 - __main__ - INFO - Cálculo de WACC realizado com sucesso para atividade: Atividades de apoio à agricultura
2025-02-19 10:39:07,773 - __main__ - INFO - Cálculo de WACC realizado com sucesso para atividade: Criação de aves
2025-02-19 10:39:31,454 - __main__ - INFO - Cálculo de WACC realizado com sucesso para atividade: Criação de aves
2025-02-19 10:40:50,951 - __main__ - INFO - Cálculo de WACC realizado com sucesso para atividade: Cultivo de cana-de-açúcar
2025-02-19 10:41:07,234 - __main__ - INFO - Cálculo de WACC realizado com sucesso para atividade: Fabricação de tanques, reservatórios metálicos e caldeiras
2025-02-19 10:41:37,291 - __main__ - INFO - Cálculo de WACC realizado com sucesso para atividade: Fabricação de bebidas alcoólicas
2025-02-19 10:43:33,113 - __main__ - INFO - Cálculo de WACC realizado com sucesso para atividade: Fabricação de bebidas alcoólicas
2025-02-19 10:43:34,807 - __main__ - INFO - Cálculo de WACC realizado com sucesso para atividade: Fabricação de bebidas alcoólicas
2025-02-19 10:44:49,674 - __main__ - INFO - Cálculo de WACC realizado com sucesso para atividade: Atividades de apoio à agricultura
2025-02-19 10:45:24,751 - __main__ - INFO - Cálculo de WACC realizado com sucesso para atividade: Atividades de apoio à agricultura
2025-02-19 10:47:16,470 - __main__ - INFO - Cálculo de WACC realizado com sucesso para atividade: Atividades de apoio à agricultura
2025-02-19 10:47:30,013 - __main__ - INFO - Cálculo de WACC realizado com sucesso para atividade: Atividades de apoio à agricultura
2025-02-19 15:02:30,168 - __main__ - INFO - Cálculo de WACC realizado com sucesso para atividade: Cultivo de café
2025-02-19 15:06:21,043 - __main__ - INFO - Cálculo de WACC realizado com sucesso para atividade: Cultivo de café
2025-02-19 17:37:12,742 - __main__ - INFO - Cálculo de WACC realizado com sucesso para atividade: Comércio atacadista de produtos químicos e petroquímicos, exceto agroquímicos
2025-02-19 17:37:43,493 - __main__ - INFO - Cálculo de WACC realizado com sucesso para atividade: Comércio atacadista de produtos químicos e petroquímicos, exceto agroquímicos
2025-02-19 18:06:23,165 - __main__ - INFO - Cálculo de WACC realizado com sucesso para atividade: Outros tipos de alojamento não especificados anteriormente
